#
# There is insufficient memory for the Java Runtime Environment to continue.
# Native memory allocation (malloc) failed to allocate 32744 bytes for ChunkPool::allocate
# Possible reasons:
#   The system is out of physical RAM or swap space
#   The process is running with CompressedOops enabled, and the Java Heap may be blocking the growth of the native heap
# Possible solutions:
#   Reduce memory load on the system
#   Increase physical memory or swap space
#   Check if swap backing store is full
#   Decrease Java heap size (-Xmx/-Xms)
#   Decrease number of Java threads
#   Decrease Java thread stack sizes (-Xss)
#   Set larger code cache with -XX:ReservedCodeCacheSize=
#   JVM is running with Unscaled Compressed Oops mode in which the Java heap is
#     placed in the first 4GB address space. The Java Heap base address is the
#     maximum limit for the native heap growth. Please use -XX:HeapBaseMinAddress
#     to set the Java Heap base and to place the Java Heap above 4GB virtual address.
# This output file may be truncated or incomplete.
#
#  Out of Memory Error (allocation.cpp:273), pid=7796, tid=0x0000000000000928
#
# JRE version: Java(TM) SE Runtime Environment (8.0_201-b09) (build 1.8.0_201-b09)
# Java VM: Java HotSpot(TM) 64-Bit Server VM (25.201-b09 mixed mode windows-amd64 compressed oops)
# Failed to write core dump. Minidumps are not enabled by default on client versions of Windows
#

---------------  T H R E A D  ---------------

Current thread (0x0000000014920000):  JavaThread "C2 CompilerThread0" daemon [_thread_in_vm, id=2344, stack(0x0000000015fa0000,0x00000000160a0000)]

Stack: [0x0000000015fa0000,0x00000000160a0000]
[error occurred during error reporting (printing stack bounds), id 0xc0000005]

Native frames: (J=compiled Java code, j=interpreted, Vv=VM code, C=native code)


---------------  P R O C E S S  ---------------

Java Threads: ( => current thread )
  0x000000001494f800 JavaThread "C2 CompilerThread1" daemon [_thread_new, id=8912, stack(0x0000000000000000,0x0000000000000000)]
=>0x0000000014920000 JavaThread "C2 CompilerThread0" daemon [_thread_in_vm, id=2344, stack(0x0000000015fa0000,0x00000000160a0000)]
  0x000000001491e000 JavaThread "Attach Listener" daemon [_thread_blocked, id=11048, stack(0x0000000015ea0000,0x0000000015fa0000)]
  0x000000001491c800 JavaThread "Signal Dispatcher" daemon [_thread_blocked, id=8872, stack(0x0000000015da0000,0x0000000015ea0000)]
  0x00000000023ab000 JavaThread "Finalizer" daemon [_thread_blocked, id=4868, stack(0x0000000015b80000,0x0000000015c80000)]
  0x00000000023a0000 JavaThread "Reference Handler" daemon [_thread_blocked, id=7992, stack(0x0000000015a80000,0x0000000015b80000)]
  0x00000000021ae000 JavaThread "main" [_thread_in_vm, id=11356, stack(0x00000000021b0000,0x00000000022b0000)]

Other Threads:
  0x00000000148e8000 VMThread [stack: 0x0000000015980000,0x0000000015a80000] [id=8028]

VM state:not at safepoint (normal execution)

VM Mutex/Monitor currently owned by a thread:  ([mutex/lock_event])
[0x00000000021accf0] Threads_lock - owner thread: 0x00000000021ae000

heap address: 0x00000000c2400000, size: 988 MB, Compressed Oops mode: 32-bit
Narrow klass base: 0x0000000000000000, Narrow klass shift: 3
Compressed class space size: 1073741824 Address: 0x0000000100000000

Heap:
 PSYoungGen      total 18432K, used 634K [0x00000000eb700000, 0x00000000ecb80000, 0x0000000100000000)
  eden space 15872K, 4% used [0x00000000eb700000,0x00000000eb79ebe0,0x00000000ec680000)
  from space 2560K, 0% used [0x00000000ec900000,0x00000000ec900000,0x00000000ecb80000)
  to   space 2560K, 0% used [0x00000000ec680000,0x00000000ec680000,0x00000000ec900000)
 ParOldGen       total 42496K, used 0K [0x00000000c2400000, 0x00000000c4d80000, 0x00000000eb700000)
  object space 42496K, 0% used [0x00000000c2400000,0x00000000c2400000,0x00000000c4d80000)
 Metaspace       used 2022K, capacity 4480K, committed 4480K, reserved 1056768K
  class space    used 228K, capacity 384K, committed 384K, reserved 1048576K

Card table byte_map: [0x0000000011770000,0x0000000011960000] byte_map_base: 0x000000001115e000

Marking Bits: (ParMarkBitMap*) 0x00000000539b4ce0
 Begin Bits: [0x0000000011eb0000, 0x0000000012e20000)
 End Bits:   [0x0000000012e20000, 0x0000000013d90000)

Polling page: 0x00000000005e0000

CodeCache: size=245760Kb used=433Kb max_used=436Kb free=245326Kb
 bounds [0x00000000023b0000, 0x0000000002620000, 0x00000000113b0000]
 total_blobs=162 nmethods=0 adapters=127
 compilation: enabled

Compilation events (0 events):
No events

GC Heap History (0 events):
No events

Deoptimization events (0 events):
No events

Classes redefined (0 events):
No events

Internal exceptions (2 events):
Event: 0.128 Thread 0x00000000021ae000 Exception <a 'java/lang/NoSuchMethodError': Method sun.misc.Unsafe.defineClass(Ljava/lang/String;[BII)Ljava/lang/Class; name or signature does not match> (0x00000000eb707cb0) thrown at [C:\re\workspace\8-2-build-windows-amd64-cygwin\jdk8u201\12322\hotspot
Event: 0.128 Thread 0x00000000021ae000 Exception <a 'java/lang/NoSuchMethodError': Method sun.misc.Unsafe.prefetchRead(Ljava/lang/Object;J)V name or signature does not match> (0x00000000eb707f98) thrown at [C:\re\workspace\8-2-build-windows-amd64-cygwin\jdk8u201\12322\hotspot\src\share\vm\prim

Events (10 events):
Event: 0.222 loading class sun/misc/URLClassPath done
Event: 0.222 loading class sun/net/www/protocol/jar/Handler
Event: 0.222 loading class sun/net/www/protocol/jar/Handler done
Event: 0.222 loading class sun/misc/Launcher$AppClassLoader$1
Event: 0.222 loading class sun/misc/Launcher$AppClassLoader$1 done
Event: 0.224 loading class java/lang/SystemClassLoaderAction
Event: 0.224 loading class java/lang/SystemClassLoaderAction done
Event: 0.224 Thread 0x000000001491c800 Thread added: 0x000000001491c800
Event: 0.224 Thread 0x000000001491e000 Thread added: 0x000000001491e000
Event: 0.225 Thread 0x0000000014920000 Thread added: 0x0000000014920000


Dynamic libraries:
0x00007ff7f71a0000 - 0x00007ff7f71d7000 	C:\Program Files\Java\jre1.8.0_201\bin\javaw.exe
0x00007ffcf9110000 - 0x00007ffcf92fd000 	C:\WINDOWS\SYSTEM32\ntdll.dll
0x00007ffced3d0000 - 0x00007ffced3e2000 	C:\Program Files\AVAST Software\Avast\aswhook.dll
0x00007ffcf6fb0000 - 0x00007ffcf7063000 	C:\WINDOWS\System32\KERNEL32.DLL
0x00007ffcf5230000 - 0x00007ffcf54c3000 	C:\WINDOWS\System32\KERNELBASE.dll
0x00007ffcf6a80000 - 0x00007ffcf6b23000 	C:\WINDOWS\System32\ADVAPI32.dll
0x00007ffcf8e00000 - 0x00007ffcf8e9e000 	C:\WINDOWS\System32\msvcrt.dll
0x00007ffcf6e40000 - 0x00007ffcf6ede000 	C:\WINDOWS\System32\sechost.dll
0x00007ffcf7290000 - 0x00007ffcf73b2000 	C:\WINDOWS\System32\RPCRT4.dll
0x00007ffcf70f0000 - 0x00007ffcf7287000 	C:\WINDOWS\System32\USER32.dll
0x00007ffcf6270000 - 0x00007ffcf6290000 	C:\WINDOWS\System32\win32u.dll
0x00007ffcf76f0000 - 0x00007ffcf7719000 	C:\WINDOWS\System32\GDI32.dll
0x00007ffcf5740000 - 0x00007ffcf58da000 	C:\WINDOWS\System32\gdi32full.dll
0x00007ffcf54d0000 - 0x00007ffcf5570000 	C:\WINDOWS\System32\msvcp_win.dll
0x00007ffcf5570000 - 0x00007ffcf566a000 	C:\WINDOWS\System32\ucrtbase.dll
0x00007ffcec4a0000 - 0x00007ffcec719000 	C:\WINDOWS\WinSxS\amd64_microsoft.windows.common-controls_6595b64144ccf1df_6.0.17763.437_none_05b63dca071e5dd6\COMCTL32.dll
0x00007ffcf73c0000 - 0x00007ffcf76ec000 	C:\WINDOWS\System32\combase.dll
0x00007ffcf6290000 - 0x00007ffcf630e000 	C:\WINDOWS\System32\bcryptPrimitives.dll
0x00007ffcf6e10000 - 0x00007ffcf6e3e000 	C:\WINDOWS\System32\IMM32.DLL
0x0000000052fd0000 - 0x00000000530a1000 	C:\Program Files\Java\jre1.8.0_201\bin\msvcr100.dll
0x0000000053190000 - 0x0000000053a34000 	C:\Program Files\Java\jre1.8.0_201\bin\server\jvm.dll
0x00007ffcf6950000 - 0x00007ffcf6958000 	C:\WINDOWS\System32\PSAPI.DLL
0x00007ffce8f90000 - 0x00007ffce8f99000 	C:\WINDOWS\SYSTEM32\WSOCK32.dll
0x00007ffcf8c10000 - 0x00007ffcf8c7d000 	C:\WINDOWS\System32\WS2_32.dll
0x00007ffceb720000 - 0x00007ffceb744000 	C:\WINDOWS\SYSTEM32\WINMM.dll
0x00007ffcef520000 - 0x00007ffcef52a000 	C:\WINDOWS\SYSTEM32\VERSION.dll
0x00007ffceb470000 - 0x00007ffceb49d000 	C:\WINDOWS\SYSTEM32\WINMMBASE.dll
0x00007ffcf51e0000 - 0x00007ffcf522a000 	C:\WINDOWS\System32\cfgmgr32.dll
0x00007ffcf1190000 - 0x00007ffcf119f000 	C:\Program Files\Java\jre1.8.0_201\bin\verify.dll
0x00007ffcdf7d0000 - 0x00007ffcdf7f9000 	C:\Program Files\Java\jre1.8.0_201\bin\java.dll
0x00007ffcedb50000 - 0x00007ffcedb66000 	C:\Program Files\Java\jre1.8.0_201\bin\zip.dll
0x00007ffcf7720000 - 0x00007ffcf8c10000 	C:\WINDOWS\System32\SHELL32.dll
0x00007ffcf6ee0000 - 0x00007ffcf6f88000 	C:\WINDOWS\System32\shcore.dll
0x00007ffcf5ac0000 - 0x00007ffcf620a000 	C:\WINDOWS\System32\windows.storage.dll
0x00007ffcf51b0000 - 0x00007ffcf51d4000 	C:\WINDOWS\System32\profapi.dll
0x00007ffcf5110000 - 0x00007ffcf516d000 	C:\WINDOWS\System32\powrprof.dll
0x00007ffcf6960000 - 0x00007ffcf69b2000 	C:\WINDOWS\System32\shlwapi.dll
0x00007ffcf5170000 - 0x00007ffcf5181000 	C:\WINDOWS\System32\kernel.appcore.dll
0x00007ffcf5720000 - 0x00007ffcf5737000 	C:\WINDOWS\System32\cryptsp.dll

VM Arguments:
jvm_args: -Dfile.encoding=Cp1252 
java_command: entorno.Main
java_class_path (initial): C:\Users\d_jk7\Documents\Programacion2\EditorImagen\bin
Launcher Type: SUN_STANDARD

Environment Variables:
PATH=C:/Program Files/Java/jre1.8.0_201/bin/server;C:/Program Files/Java/jre1.8.0_201/bin;C:/Program Files/Java/jre1.8.0_201/lib/amd64;C:\Program Files (x86)\Intel\iCLS Client\;C:\Program Files (x86)\Common Files\Oracle\Java\javapath;C:\ProgramData\Oracle\Java\javapath;C:\Program Files\Intel\iCLS Client\;C:\WINDOWS\system32;C:\WINDOWS;C:\WINDOWS\System32\Wbem;C:\WINDOWS\System32\WindowsPowerShell\v1.0\;C:\Program Files\nodejs\;C:\WINDOWS\System32\OpenSSH\;C:\Program Files (x86)\Intel\Intel(R) Management Engine Components\DAL;C:\Program Files\Intel\Intel(R) Management Engine Components\DAL;C:\Program Files (x86)\Intel\Intel(R) Management Engine Components\IPT;C:\Program Files\Intel\Intel(R) Management Engine Components\IPT;C:\Program Files\Java\jdk1.8.0_191\bin;C:\Program Files\Intel\WiFi\bin\;C:\Program Files\Common Files\Intel\WirelessCommon\;C:\Users\d_jk7\AppData\Local\Microsoft\WindowsApps;C:\Program Files\Intel\WiFi\bin\;C:\Program Files\Common Files\Intel\WirelessCommon\;;C:\WINDOWS\System32;
USERNAME=d_jk7
OS=Windows_NT
PROCESSOR_IDENTIFIER=Intel64 Family 6 Model 142 Stepping 9, GenuineIntel



---------------  S Y S T E M  ---------------

OS: Windows 10.0 , 64 bit Build 17763 (10.0.17763.437)

CPU:total 4 (initial active 4) (2 cores per cpu, 2 threads per core) family 6 model 142 stepping 9, cmov, cx8, fxsr, mmx, sse, sse2, sse3, ssse3, sse4.1, sse4.2, popcnt, avx, avx2, aes, clmul, erms, 3dnowpref, lzcnt, ht, tsc, tscinvbit, bmi1, bmi2, adx

Memory: 4k page, physical 4042064k(1235832k free), swap 16624976k(5124k free)

vm_info: Java HotSpot(TM) 64-Bit Server VM (25.201-b09) for windows-amd64 JRE (1.8.0_201-b09), built on Dec 15 2018 18:36:39 by "java_re" with MS VC++ 10.0 (VS2010)

time: Sat Apr 13 00:26:45 2019
timezone: Hora estándar, América Central
elapsed time: 0 seconds (0d 0h 0m 0s)

